RANKED	side.n 301	standpoint 0.022006094455718994	area 0.001741558313369751	contingent 0.0186995267868042	against 0.004231572151184082	ally 0.022272735834121704	bank 0.0035114288330078125	flank 0.0186995267868042	you 0.01317530870437622	faction 0.0186995267868042	facet 0.0186995267868042	part 0.013609528541564941	edge 0.020338773727416992	conversely 0.018515855073928833	shore 0.03967761993408203	perspective 0.007402956485748291	aspect 1.1205673217773438e-05	position 0.012970447540283203	fringe 0.0186995267868042	view
 0.0186995267868042	responsibility 0.00848245620727539	surface 0.006036221981048584	team 0.004889547824859619	instead 0.00014394521713256836	boundary 0.0186995267868042	divide 0.005692124366760254	hand 0.005161643028259277
RANKED	side.n 302	standpoint 0.02270132303237915	area 0.0018203556537628174	contingent 0.01899319887161255	against 0.004219144582748413	ally 0.022216975688934326	bank 0.0036472976207733154	flank 0.01899319887161255	you 0.013559162616729736	faction 0.01899319887161255	facet 0.01899319887161255	part 0.013442933559417725	edge 0.020041286945343018	conversely 0.018206268548965454	shore 0.039190858602523804	perspective 0.007524430751800537	aspect 3.0994415283203125e-05	position 0.013253092765808105	fringe 0.01899319887161255	view
 0.01899319887161255	responsibility 0.008071303367614746	surface 0.005962967872619629	team 0.005254805088043213	instead 0.00018912553787231445	boundary 0.01899319887161255	divide 0.00548398494720459	hand 0.00508272647857666
RANKED	side.n 303	standpoint 0.022298306226730347	area 0.0018089115619659424	contingent 0.01887381076812744	against 0.004203975200653076	ally 0.022123903036117554	bank 0.003531515598297119	flank 0.01887381076812744	you 0.013435810804367065	faction 0.01887381076812744	facet 0.01887381076812744	part 0.013499319553375244	edge 0.0202559232711792	conversely 0.0183696448802948	shore 0.039403170347213745	perspective 0.007491618394851685	aspect 1.284480094909668e-05	position 0.013017624616622925	fringe 0.01887381076812744	view
 0.01887381076812744	responsibility 0.008287787437438965	surface 0.006016522645950317	team 0.005069375038146973	instead 0.00015872716903686523	boundary 0.01887381076812744	divide 0.005566537380218506	hand 0.005096554756164551
RANKED	side.n 304	standpoint 0.022000133991241455	area 0.0018396079540252686	contingent 0.018970072269439697	against 0.004227370023727417	ally 0.021815508604049683	bank 0.0034598708152770996	flank 0.018970072269439697	you 0.013607919216156006	faction 0.018970072269439697	facet 0.018970072269439697	part 0.013501584529876709	edge 0.020163685083389282	conversely 0.018376916646957397	shore 0.039322108030319214	perspective 0.007534503936767578	aspect 2.4884939193725586e-05	position 0.01293519139289856	fringe 0.018970072269439697	view
 0.018970072269439697	responsibility 0.008256077766418457	surface 0.006015300750732422	team 0.004988521337509155	instead 0.00017067790031433105	boundary 0.018970072269439697	divide 0.005550473928451538	hand 0.005041390657424927
RANKED	side.n 305	standpoint 0.022361725568771362	area 0.0018198788166046143	contingent 0.018959999084472656	against 0.004202008247375488	ally 0.022077977657318115	bank 0.003570079803466797	flank 0.018959999084472656	you 0.013501167297363281	faction 0.018959999084472656	facet 0.018959999084472656	part 0.013503193855285645	edge 0.020236611366271973	conversely 0.018292248249053955	shore 0.039269983768463135	perspective 0.007482051849365234	aspect 1.3232231140136719e-05	position 0.013093769550323486	fringe 0.018959999084472656	view
 0.018959999084472656	responsibility 0.008246243000030518	surface 0.005991041660308838	team 0.005129367113113403	instead 0.00016117095947265625	boundary 0.018959999084472656	divide 0.005525350570678711	hand 0.005091190338134766
RANKED	side.n 306	standpoint 0.021941065788269043	area 0.0018145740032196045	contingent 0.0189073383808136	against 0.004235893487930298	ally 0.021862506866455078	bank 0.0034357309341430664	flank 0.0189073383808136	you 0.013551712036132812	faction 0.0189073383808136	facet 0.0189073383808136	part 0.01354891061782837	edge 0.02029353380203247	conversely 0.018452852964401245	shore 0.039472728967666626	perspective 0.007555663585662842	aspect 2.09808349609375e-05	position 0.01286807656288147	fringe 0.0189073383808136	view
 0.0189073383808136	responsibility 0.00837099552154541	surface 0.006051242351531982	team 0.00490078330039978	instead 0.00016543269157409668	boundary 0.0189073383808136	divide 0.005604058504104614	hand 0.005049198865890503
RANKED	side.n 307	standpoint 0.02284523844718933	area 0.0018159449100494385	contingent 0.018994957208633423	against 0.004218488931655884	ally 0.02230203151702881	bank 0.00369146466255188	flank 0.018994957208633423	you 0.013562500476837158	faction 0.018994957208633423	facet 0.018994957208633423	part 0.013467669486999512	edge 0.02023300528526306	conversely 0.01817837357521057	shore 0.03915810585021973	perspective 0.007541179656982422	aspect 3.5136938095092773e-05	position 0.013330519199371338	fringe 0.018994957208633423	view
 0.018994957208633423	responsibility 0.008103609085083008	surface 0.005938321352005005	team 0.005305737257003784	instead 0.00019150972366333008	boundary 0.018994957208633423	divide 0.005485564470291138	hand 0.005091249942779541
RANKED	side.n 308	standpoint 0.02198094129562378	area 0.001775592565536499	contingent 0.018833398818969727	against 0.004234910011291504	ally 0.022040367126464844	bank 0.0034998655319213867	flank 0.018833398818969727	you 0.013357460498809814	faction 0.018833398818969727	facet 0.018833398818969727	part 0.013590991497039795	edge 0.020311057567596436	conversely 0.018445134162902832	shore 0.03950193524360657	perspective 0.007451772689819336	aspect 1.0877847671508789e-05	position 0.012974977493286133	fringe 0.018833398818969727	view
 0.018833398818969727	responsibility 0.008421659469604492	surface 0.006026744842529297	team 0.00491565465927124	instead 0.0001513957977294922	boundary 0.018833398818969727	divide 0.0056234002113342285	hand 0.005108952522277832
RANKED	side.n 309	standpoint 0.022282570600509644	area 0.0017951428890228271	contingent 0.018882453441619873	against 0.00420987606048584	ally 0.022169291973114014	bank 0.0035725831985473633	flank 0.018882453441619873	you 0.01339489221572876	faction 0.018882453441619873	facet 0.018882453441619873	part 0.013543963432312012	edge 0.02026611566543579	conversely 0.01834431290626526	shore 0.03937193751335144	perspective 0.007440447807312012	aspect 1.3917684555053711e-05	position 0.01308983564376831	fringe 0.018882453441619873	view
 0.018882453441619873	responsibility 0.008317708969116211	surface 0.00599437952041626	team 0.0050773024559021	instead 0.00015753507614135742	boundary 0.018882453441619873	divide 0.005572646856307983	hand 0.0051243603229522705
RANKED	side.n 310	standpoint 0.022072196006774902	area 0.0018024146556854248	contingent 0.018935203552246094	against 0.004227042198181152	ally 0.02194151282310486	bank 0.0035008490085601807	flank 0.018935203552246094	you 0.013493716716766357	faction 0.018935203552246094	facet 0.018935203552246094	part 0.013563752174377441	edge 0.020272552967071533	conversely 0.018396764993667603	shore 0.039416342973709106	perspective 0.0075157880783081055	aspect 1.3887882232666016e-05	position 0.012998580932617188	fringe 0.018935203552246094	view
 0.018935203552246094	responsibility 0.008359313011169434	surface 0.0060277581214904785	team 0.004981696605682373	instead 0.0001614093780517578	boundary 0.018935203552246094	divide 0.005573660135269165	hand 0.0050643086433410645
RANKED	tell.v 311	explain 0.05762588977813721	instruct 0.06660297513008118	recount 0.06660297513008118	impart 0.06660297513008118	communicate 0.0460742712020874	assure 0.011383593082427979	notify 0.06051024794578552	order 0.04242542386054993	narrate
 0.06660297513008118	inform 0.02812904119491577	describe 0.021961569786071777
RANKED	tell.v 312	explain 0.0013354122638702393	instruct 0.01417437195777893	recount 0.01417437195777893	impart 0.01417437195777893	communicate 0.009844064712524414	assure 0.01900482177734375	notify 0.050718754529953	order 0.009714305400848389	narrate
 0.01417437195777893	inform 0.00840488076210022	describe 0.03013870120048523
RANKED	tell.v 313	explain 0.001034080982208252	instruct 0.013467669486999512	recount 0.013467669486999512	impart 0.013467669486999512	communicate 0.010506629943847656	assure 0.01954805850982666	notify 0.052867501974105835	order 0.009657800197601318	narrate
 0.013467669486999512	inform 0.009352385997772217	describe 0.032226741313934326
RANKED	tell.v 314	explain 0.0013256371021270752	instruct 0.014160454273223877	recount 0.014160454273223877	impart 0.014160454273223877	communicate 0.009790152311325073	assure 0.019204527139663696	notify 0.05073791742324829	order 0.009764790534973145	narrate
 0.014160454273223877	inform 0.008337259292602539	describe 0.0300600528717041
RANKED	tell.v 315	explain 0.05848780274391174	instruct 0.06754237413406372	recount 0.06754237413406372	impart 0.06754237413406372	communicate 0.046855628490448	assure 0.011500358581542969	notify 0.06093430519104004	order 0.0431973934173584	narrate
 0.06754237413406372	inform 0.028695017099380493	describe 0.022270798683166504
RANKED	tell.v 316	explain 0.0012873411178588867	instruct 0.014031559228897095	recount 0.014031559228897095	impart 0.014031559228897095	communicate 0.00987294316291809	assure 0.019177615642547607	notify 0.05087670683860779	order 0.009737610816955566	narrate
 0.014031559228897095	inform 0.00852888822555542	describe 0.030337214469909668
RANKED	tell.v 317	explain 0.058043718338012695	instruct 0.069610595703125	recount 0.069610595703125	impart 0.069610595703125	communicate 0.04848930239677429	assure 0.011775076389312744	notify 0.05984044075012207	order 0.04410898685455322	narrate
 0.069610595703125	inform 0.029819637537002563	describe 0.022233575582504272
RANKED	tell.v 318	explain 0.05857148766517639	instruct 0.06761926412582397	recount 0.06761926412582397	impart 0.06761926412582397	communicate 0.04689076542854309	assure 0.011453866958618164	notify 0.06090399622917175	order 0.04330557584762573	narrate
 0.06761926412582397	inform 0.028710633516311646	describe 0.022269487380981445
RANKED	tell.v 319	explain 0.0011632442474365234	instruct 0.013785123825073242	recount 0.013785123825073242	impart 0.013785123825073242	communicate 0.010136276483535767	assure 0.01921844482421875	notify 0.05164799094200134	order 0.009711503982543945	narrate
 0.013785123825073242	inform 0.008919358253479004	describe 0.031131505966186523
RANKED	tell.v 320	explain 0.030483394861221313	instruct 0.07277902960777283	recount 0.07277902960777283	impart 0.07277902960777283	communicate 0.009058743715286255	assure 0.0035039782524108887	notify 0.009102165699005127	order 0.05323135852813721	narrate
 0.07277902960777283	inform 0.004809916019439697	describe 0.0003122687339782715
RANKED	terrible.a 321	formidable 0.015962332487106323	severe 0.0011364519596099854	horrific 0.010929763317108154	negative 0.0047186315059661865	unpleasant 0.01434209942817688	horrible 0.031475961208343506	horrifying 0.031475961208343506	abhorrent 0.031475961208343506	appalling 0.02062845230102539	awful 0.03443920612335205	bad 0.0026581883430480957	terrifying 0.031475961208343506	dreadful 0.04375764727592468	atrocious 0.031475961208343506	fearsome 0.031475961208343506	shocking 0.013804644346237183	poignant 0.031475961208343506	frightening 0.04072844982147217	deplorable 0.020581871271133423
RANKED	terrible.a 322	formidable 0.015879005193710327	severe 0.0011104345321655273	horrific 0.010955452919006348	negative 0.004579514265060425	unpleasant 0.014326035976409912	horrible 0.031579554080963135	horrifying 0.031579554080963135	abhorrent 0.031579554080963135	appalling 0.02051296830177307	awful 0.030627667903900146	bad 0.0026456713676452637	terrifying 0.031579554080963135	dreadful 0.042082130908966064	atrocious 0.031579554080963135	fearsome 0.031579554080963135	shocking 0.013785362243652344	poignant 0.031579554080963135	frightening 0.03939393162727356	deplorable 0.020563483238220215
RANKED	terrible.a 323	formidable 0.015896856784820557	severe 0.0011194944381713867	horrific 0.010986894369125366	negative 0.00464022159576416	unpleasant 0.01436161994934082	horrible 0.031532615423202515	horrifying 0.031532615423202515	abhorrent 0.031532615423202515	appalling 0.020589768886566162	awful 0.03434291481971741	bad 0.002652585506439209	terrifying 0.031532615423202515	dreadful 0.042663395404815674	atrocious 0.031532615423202515	fearsome 0.031532615423202515	shocking 0.013820230960845947	poignant 0.031532615423202515	frightening 0.039856135845184326	deplorable 0.020566284656524658
RANKED	terrible.a 324	formidable 0.015868574380874634	severe 0.0011073648929595947	horrific 0.010967493057250977	negative 0.0046561360359191895	unpleasant 0.014390647411346436	horrible 0.03153082728385925	horrifying 0.03153082728385925	abhorrent 0.03153082728385925	appalling 0.020641863346099854	awful 0.034278541803359985	bad 0.002669990062713623	terrifying 0.03153082728385925	dreadful 0.04279455542564392	atrocious 0.03153082728385925	fearsome 0.03153082728385925	shocking 0.013821125030517578	poignant 0.03153082728385925	frightening 0.03984427452087402	deplorable 0.020559847354888916
RANKED	terrible.a 325	formidable 0.016086578369140625	severe 0.0012055039405822754	horrific 0.011170387268066406	negative 0.004539281129837036	unpleasant 0.014168411493301392	horrible 0.03158086538314819	horrifying 0.03158086538314819	abhorrent 0.03158086538314819	appalling 0.020204007625579834	awful 0.031121760606765747	bad 0.0025101900100708008	terrifying 0.03158086538314819	dreadful 0.04182964563369751	atrocious 0.03158086538314819	fearsome 0.03158086538314819	shocking 0.0138072669506073	poignant 0.03158086538314819	frightening 0.04001685976982117	deplorable 0.020611733198165894
RANKED	terrible.a 326	formidable 0.01588118076324463	severe 0.0011178553104400635	horrific 0.010980993509292603	negative 0.004716634750366211	unpleasant 0.014330059289932251	horrible 0.031467825174331665	horrifying 0.031467825174331665	abhorrent 0.031467825174331665	appalling 0.020610690116882324	awful 0.030993282794952393	bad 0.002663135528564453	terrifying 0.031467825174331665	dreadful 0.04363185167312622	atrocious 0.031467825174331665	fearsome 0.031467825174331665	shocking 0.01382097601890564	poignant 0.031467825174331665	frightening 0.04056429862976074	deplorable 0.02056184411048889
RANKED	terrible.a 327	formidable 0.01587235927581787	severe 0.0011096596717834473	horrific 0.010929644107818604	negative 0.0046644508838653564	unpleasant 0.014415770769119263	horrible 0.031456321477890015	horrifying 0.031456321477890015	abhorrent 0.031456321477890015	appalling 0.020631998777389526	awful 0.03665018081665039	bad 0.0026851296424865723	terrifying 0.031456321477890015	dreadful 0.04295682907104492	atrocious 0.031456321477890015	fearsome 0.031456321477890015	shocking 0.013824820518493652	poignant 0.031456321477890015	frightening 0.0400945246219635	deplorable 0.02056419849395752
RANKED	terrible.a 328	formidable 0.015951097011566162	severe 0.0011411011219024658	horrific 0.01101619005203247	negative 0.004617750644683838	unpleasant 0.01431196928024292	horrible 0.03152608871459961	horrifying 0.03152608871459961	abhorrent 0.03152608871459961	appalling 0.020520925521850586	awful 0.03423798084259033	bad 0.002616584300994873	terrifying 0.03152608871459961	dreadful 0.04248073697090149	atrocious 0.03152608871459961	fearsome 0.03152608871459961	shocking 0.013815999031066895	poignant 0.03152608871459961	frightening 0.039922475814819336	deplorable 0.020573854446411133
RANKED	terrible.a 329	formidable 0.0160139799118042	severe 0.001133263111114502	horrific 0.011015236377716064	negative 0.004651010036468506	unpleasant 0.014294445514678955	horrible 0.031467556953430176	horrifying 0.031467556953430176	abhorrent 0.031467556953430176	appalling 0.020365417003631592	awful 0.0368800163269043	bad 0.0025287270545959473	terrifying 0.031467556953430176	dreadful 0.043662190437316895	atrocious 0.031467556953430176	fearsome 0.031467556953430176	shocking 0.013864338397979736	poignant 0.031467556953430176	frightening 0.04060649871826172	deplorable 0.02073386311531067
RANKED	terrible.a 330	formidable 0.015926897525787354	severe 0.0011354386806488037	horrific 0.011030435562133789	negative 0.004598110914230347	unpleasant 0.014314472675323486	horrible 0.031543195247650146	horrifying 0.031543195247650146	abhorrent 0.031543195247650146	appalling 0.020498543977737427	awful 0.03434640169143677	bad 0.0026147961616516113	terrifying 0.031543195247650146	dreadful 0.04225265979766846	atrocious 0.031543195247650146	fearsome 0.031543195247650146	shocking 0.013817369937896729	poignant 0.031543195247650146	frightening 0.039723366498947144	deplorable 0.020566612482070923
RANKED	think.v 331	believe
 0.006230592727661133	suspect 0.03604719042778015	expect 0.007641792297363281	feel 0.0034540295600891113	contemplate 0.05295783281326294	assume 0.009405165910720825	imagine 0.01960662007331848	reason 0.0003281831741333008	anticipate 0.03346690535545349	analyse 0.023175030946731567	guess 0.07755866646766663	recommend 0.010296612977981567	consider 0.0029949545860290527	suppose 0.04263037443161011	reckon 0.006230592727661133
RANKED	think.v 332	believe
 0.04692724347114563	suspect 0.002585500478744507	expect 0.005339175462722778	feel 0.01632457971572876	contemplate 0.007740318775177002	assume 0.002511739730834961	imagine 0.00044995546340942383	reason 0.016046494245529175	anticipate 0.0029782652854919434	analyse 0.0020790696144104004	guess 0.022234618663787842	recommend 0.004346132278442383	consider 0.02512797713279724	suppose 0.004428237676620483	reckon 0.04692724347114563
RANKED	think.v 333	believe
 0.006265163421630859	suspect 0.03603285551071167	expect 0.0076637864112854	feel 0.0035378634929656982	contemplate 0.0528893768787384	assume 0.009387999773025513	imagine 0.019439280033111572	reason 0.0003241896629333496	anticipate 0.033318549394607544	analyse 0.023091018199920654	guess 0.07753688097000122	recommend 0.010259747505187988	consider 0.0030347108840942383	suppose 0.04253026843070984	reckon 0.006265163421630859
RANKED	think.v 334	believe
 0.006282210350036621	suspect 0.03595492243766785	expect 0.00765034556388855	feel 0.0035119354724884033	contemplate 0.05276447534561157	assume 0.009362995624542236	imagine 0.019427835941314697	reason 0.0003203749656677246	anticipate 0.033221036195755005	analyse 0.02306002378463745	guess 0.07748061418533325	recommend 0.01025816798210144	consider 0.002979576587677002	suppose 0.04241907596588135	reckon 0.006282210350036621
RANKED	think.v 335	believe
 0.014892220497131348	suspect 0.020149439573287964	expect 0.0008966624736785889	feel 0.0012601613998413086	contemplate 0.03185093402862549	assume 0.0022382140159606934	imagine 0.009966880083084106	reason 0.0017837882041931152	anticipate 0.020777642726898193	analyse 0.014160394668579102	guess 0.049060314893722534	recommend 0.006447017192840576	consider 0.004091024398803711	suppose 0.023695945739746094	reckon 0.014892220497131348
RANKED	think.v 336	believe
 0.006628096103668213	suspect 0.036151111125946045	expect 0.007524669170379639	feel 0.003308922052383423	contemplate 0.051741719245910645	assume 0.009059786796569824	imagine 0.019104421138763428	reason 0.000291973352432251	anticipate 0.03293329477310181	analyse 0.022922366857528687	guess 0.07733741402626038	recommend 0.01003226637840271	consider 0.0031793713569641113	suppose 0.04144006967544556	reckon 0.006628096103668213
RANKED	think.v 337	believe
 0.006303369998931885	suspect 0.03599059581756592	expect 0.007656455039978027	feel 0.0035388171672821045	contemplate 0.05281129479408264	assume 0.009334534406661987	imagine 0.019372671842575073	reason 0.000319063663482666	anticipate 0.03319936990737915	analyse 0.022758036851882935	guess 0.07750144600868225	recommend 0.010191738605499268	consider 0.0032689571380615234	suppose 0.042450159788131714	reckon 0.006303369998931885
RANKED	think.v 338	believe
 0.006290256977081299	suspect 0.03597766160964966	expect 0.0076371729373931885	feel 0.0034776926040649414	contemplate 0.05282950401306152	assume 0.00933125615119934	imagine 0.01948368549346924	reason 0.00032064318656921387	anticipate 0.03327319025993347	analyse 0.022793471813201904	guess 0.07752081751823425	recommend 0.010201364755630493	consider 0.003249138593673706	suppose 0.042495131492614746	reckon 0.006290256977081299
RANKED	think.v 339	believe
 0.01486930251121521	suspect 0.020191818475723267	expect 0.0008965432643890381	feel 0.00125807523727417	contemplate 0.03187251091003418	assume 0.0022290050983428955	imagine 0.00998583436012268	reason 0.0017854571342468262	anticipate 0.02079087495803833	analyse 0.014134973287582397	guess 0.048981666564941406	recommend 0.006469666957855225	consider 0.004126787185668945	suppose 0.023679614067077637	reckon 0.01486930251121521
RANKED	think.v 340	believe
 0.006353914737701416	suspect 0.0359673798084259	expect 0.007681906223297119	feel 0.0035678744316101074	contemplate 0.05258077383041382	assume 0.009332627058029175	imagine 0.01930457353591919	reason 0.00032195448875427246	anticipate 0.03312575817108154	analyse 0.02301400899887085	guess 0.07759854197502136	recommend 0.010203361511230469	consider 0.0030050575733184814	suppose 0.04221165180206299	reckon 0.006353914737701416
RANKED	thus.r 341	therefore 0.005821138620376587	consequently 0.006879270076751709	hence 0.003326117992401123	accordingly 0.012699395418167114	so 0.00701788067817688	this 0.009428858757019043	there 0.006649315357208252
RANKED	thus.r 342	therefore 0.00581631064414978	consequently 0.006972759962081909	hence 0.0033281445503234863	accordingly 0.012753903865814209	so 0.007041811943054199	this 0.009436041116714478	there 0.006636917591094971
RANKED	thus.r 343	therefore 0.005612701177597046	consequently 0.008691996335983276	hence 0.0029003918170928955	accordingly 0.012705743312835693	so 0.006914883852005005	this 0.009145885705947876	there 0.006482124328613281
RANKED	thus.r 344	therefore 0.005800455808639526	consequently 0.006781965494155884	hence 0.003302663564682007	accordingly 0.01258838176727295	so 0.007057458162307739	this 0.009443134069442749	there 0.006552457809448242
RANKED	thus.r 345	therefore 0.005829453468322754	consequently 0.007224231958389282	hence 0.0033636093139648438	accordingly 0.012920022010803223	so 0.007061779499053955	this 0.009482383728027344	there 0.006672918796539307
RANKED	thus.r 346	therefore 0.005851566791534424	consequently 0.007674753665924072	hence 0.003384798765182495	accordingly 0.012962043285369873	so 0.007245063781738281	this 0.009557455778121948	there 0.006644934415817261
RANKED	thus.r 347	therefore 0.005805492401123047	consequently 0.006803274154663086	hence 0.0032856762409210205	accordingly 0.012441515922546387	so 0.007086217403411865	this 0.009424567222595215	there 0.006608337163925171
RANKED	thus.r 348	therefore 0.005810379981994629	consequently 0.007093340158462524	hence 0.0033643245697021484	accordingly 0.01295289397239685	so 0.007006168365478516	this 0.00946006178855896	there 0.006613612174987793
RANKED	thus.r 349	therefore 0.0056115686893463135	consequently 0.008681923151016235	hence 0.0028818249702453613	accordingly 0.012661159038543701	so 0.006893068552017212	this 0.009132087230682373	there 0.006487160921096802
RANKED	thus.r 350	therefore 0.005825459957122803	consequently 0.00709223747253418	hence 0.003346860408782959	accordingly 0.01284569501876831	so 0.007058233022689819	this 0.009452521800994873	there 0.006642371416091919
RANKED	wind.n 351	fart 0.05872151255607605	flatulence 0.05872151255607605	mislead 0.05872151255607605	whirlwind
 0.05872151255607605	twist 0.05872151255607605	navigate 0.05872151255607605	end 0.03818917274475098	wend 0.05872151255607605	air 0.008607178926467896	current 0.03180241584777832	proceed 0.01090124249458313	coil 0.05872151255607605	choke 0.05872151255607605	bend 0.05872151255607605	tease 0.05872151255607605	gas 0.010045647621154785	blast 0.05872151255607605	weave 0.05872151255607605	vagary 0.05872151255607605	gust 0.05872151255607605	breeze 0.05872151255607605	wrap 0.05872151255607605	snake 0.05872151255607605	progress 0.026639282703399658	meander
 0.05872151255607605	tighten 0.005807816982269287
RANKED	wind.n 352	fart 0.057335883378982544	flatulence 0.057335883378982544	mislead 0.057335883378982544	whirlwind
 0.057335883378982544	twist 0.057335883378982544	navigate 0.057335883378982544	end 0.037828922271728516	wend 0.057335883378982544	air 0.008490115404129028	current 0.031323015689849854	proceed 0.009362936019897461	coil 0.057335883378982544